C:\USERS\JORDAN\DROPBOX\CHESS_SHARED\CHESS_SHARED\DEBUG\CHESS_SHARED.OBJ
C:\USERS\JORDAN\DROPBOX\CHESS_SHARED\CHESS_SHARED\DEBUG\PIECE.OBJ
C:\USERS\JORDAN\DROPBOX\CHESS_SHARED\CHESS_SHARED\DEBUG\SQUARE.OBJ
C:\USERS\JORDAN\DROPBOX\CHESS_SHARED\CHESS_SHARED\DEBUG\STDAFX.OBJ
C:\USERS\JORDAN\DROPBOX\CHESS_SHARED\CHESS_SHARED\DEBUG\VC110.PDB
C:\USERS\JORDAN\DROPBOX\CHESS_SHARED\DEBUG\CHESS_SHARED.ILK
C:\USERS\JORDAN\DROPBOX\CHESS_SHARED\DEBUG\CHESS_SHARED.EXE
C:\USERS\JORDAN\DROPBOX\CHESS_SHARED\DEBUG\CHESS_SHARED.PDB
C:\Users\Jordan\Dropbox\Chess_Shared\Chess_Shared\Debug\Chess_Shared.obj
C:\Users\Jordan\Dropbox\Chess_Shared\Chess_Shared\Debug\Piece.obj
C:\Users\Jordan\Dropbox\Chess_Shared\Chess_Shared\Debug\Square.obj
C:\Users\Jordan\Dropbox\Chess_Shared\Chess_Shared\Debug\stdafx.obj
C:\Users\Jordan\Dropbox\Chess_Shared\Chess_Shared\Debug\cl.command.1.tlog
C:\Users\Jordan\Dropbox\Chess_Shared\Chess_Shared\Debug\CL.read.1.tlog
C:\Users\Jordan\Dropbox\Chess_Shared\Chess_Shared\Debug\CL.write.1.tlog
C:\Users\Jordan\Dropbox\Chess_Shared\Chess_Shared\Debug\link-cvtres.read.1.tlog
C:\Users\Jordan\Dropbox\Chess_Shared\Chess_Shared\Debug\link-cvtres.write.1.tlog
C:\Users\Jordan\Dropbox\Chess_Shared\Chess_Shared\Debug\link-rc.read.1.tlog
C:\Users\Jordan\Dropbox\Chess_Shared\Chess_Shared\Debug\link-rc.write.1.tlog
C:\Users\Jordan\Dropbox\Chess_Shared\Chess_Shared\Debug\link.command.1.tlog
C:\Users\Jordan\Dropbox\Chess_Shared\Chess_Shared\Debug\link.read.1.tlog
C:\Users\Jordan\Dropbox\Chess_Shared\Chess_Shared\Debug\link.write.1.tlog
C:\Users\Jordan\Dropbox\Chess_Shared\Chess_Shared\Debug\vc110.idb
C:\Users\Jordan\Dropbox\Chess_Shared\Chess_Shared\Debug\vc110.pdb
C:\Users\Jordan\Dropbox\Chess_Shared\Debug\Chess_Shared.pdb
C:\Users\Jordan\Dropbox\Chess_Shared\Debug\Chess_Shared.exe
C:\Users\Jordan\Dropbox\Chess_Shared\Debug\Chess_Shared.ilk
